<component name="libraryTable">
  <library name="junit-4.121">
    <CLASSES>
      <root url="jar://$PROJECT_DIR$/../javaweb资料/05-XML &amp; Tomcat/代码/05_web/web/WEB-INF/lib/junit-4.12.jar!/" />
    </CLASSES>
    <JAVADOC />
    <SOURCES />
  </library>
</component>